#
# A fatal error has been detected by the Java Runtime Environment:
#
#  Internal Error (javaClasses.cpp:129), pid=8692, tid=7980
#  fatal error: Invalid layout of preloaded class
#
# JRE version: 7.0_25-b17
# Java VM: Java HotSpot(TM) 64-Bit Server VM (23.25-b01 mixed mode windows-amd64 compressed oops)
# Failed to write core dump. Minidumps are not enabled by default on client versions of Windows
#
# If you would like to submit a bug report, please visit:
#   http://bugreport.sun.com/bugreport/crash.jsp
#

---------------  T H R E A D  ---------------

Current thread (0x0000000001d3e000):  JavaThread "Unknown thread" [_thread_in_vm, id=7980, stack(0x0000000002750000,0x0000000002850000)]

Stack: [0x0000000002750000,0x0000000002850000]

---------------  P R O C E S S  ---------------

Java Threads: ( => current thread )

Other Threads:

=>0x0000000001d3e000 (exited) JavaThread "Unknown thread" [_thread_in_vm, id=7980, stack(0x0000000002750000,0x0000000002850000)]

VM state:not at safepoint (not fully initialized)

VM Mutex/Monitor currently owned by a thread: None

GC Heap History (0 events):
No events

Deoptimization events (0 events):
No events

Internal exceptions (0 events):
No events

Events (10 events):
Event: 0.007 loading class 0x000000000248be80 done
Event: 0.007 loading class 0x0000000002443c60 done
Event: 0.007 loading class 0x0000000002443c30
Event: 0.007 loading class 0x0000000002495ac0
Event: 0.007 loading class 0x0000000002495ac0 done
Event: 0.007 loading class 0x0000000002495b00
Event: 0.007 loading class 0x0000000002495b00 done
Event: 0.007 loading class 0x000000000bbcc1a0
Event: 0.007 loading class 0x000000000bbcc1a0 done
Event: 0.008 loading class 0x0000000002443c30 done


Dynamic libraries:
0x000000013fed0000 - 0x000000013ff03000 	C:\Program Files\Java\jdk1.7.0_25\bin\javaw.exe
0x0000000077480000 - 0x0000000077628000 	C:\windows\SYSTEM32\ntdll.dll
0x0000000077260000 - 0x000000007737f000 	C:\windows\system32\kernel32.dll
0x000007fefd590000 - 0x000007fefd5fc000 	C:\windows\system32\KERNELBASE.dll
0x000007fefe5b0000 - 0x000007fefe68b000 	C:\windows\system32\ADVAPI32.dll
0x000007fefe8a0000 - 0x000007fefe93f000 	C:\windows\system32\msvcrt.dll
0x000007feff060000 - 0x000007feff07f000 	C:\windows\SYSTEM32\sechost.dll
0x000007feff080000 - 0x000007feff1ad000 	C:\windows\system32\RPCRT4.dll
0x0000000077380000 - 0x000000007747a000 	C:\windows\system32\USER32.dll
0x000007fefec30000 - 0x000007fefec97000 	C:\windows\system32\GDI32.dll
0x000007feff250000 - 0x000007feff25e000 	C:\windows\system32\LPK.dll
0x000007fefeef0000 - 0x000007fefefb9000 	C:\windows\system32\USP10.dll
0x000007fefbb90000 - 0x000007fefbd84000 	C:\windows\WinSxS\amd64_microsoft.windows.common-controls_6595b64144ccf1df_6.0.7601.17514_none_fa396087175ac9ac\COMCTL32.dll
0x000007feff260000 - 0x000007feff2d1000 	C:\windows\system32\SHLWAPI.dll
0x000007fefe870000 - 0x000007fefe89e000 	C:\windows\system32\IMM32.DLL
0x000007feff2e0000 - 0x000007feff3e9000 	C:\windows\system32\MSCTF.dll
0x000000006beb0000 - 0x000000006bf81000 	C:\Program Files\Java\jdk1.7.0_25\jre\bin\msvcr100.dll
0x0000000065010000 - 0x000000006571f000 	C:\Program Files\Java\jdk1.7.0_25\jre\bin\server\jvm.dll
0x000007fef7090000 - 0x000007fef7099000 	C:\windows\system32\WSOCK32.dll
0x000007fefe4e0000 - 0x000007fefe52d000 	C:\windows\system32\WS2_32.dll
0x000007fefe4d0000 - 0x000007fefe4d8000 	C:\windows\system32\NSI.dll
0x000007fef9cf0000 - 0x000007fef9d2b000 	C:\windows\system32\WINMM.dll
0x0000000077640000 - 0x0000000077647000 	C:\windows\system32\PSAPI.DLL
0x0000000074200000 - 0x000000007420f000 	C:\Program Files\Java\jdk1.7.0_25\jre\bin\verify.dll
0x000000006be60000 - 0x000000006be88000 	C:\Program Files\Java\jdk1.7.0_25\jre\bin\java.dll
0x000000006eed0000 - 0x000000006eee5000 	C:\Program Files\Java\jdk1.7.0_25\jre\bin\zip.dll

VM Arguments:
jvm_args: -Dfile.encoding=MS949 -Xbootclasspath:C:\android\adt-bundle-windows-x86_64-20140702\sdk\platforms\android-22\android.jar;C:\android\adt-bundle-windows-x86_64-20140702\sdk\add-ons\addon-google_apis-google-22\libs\effects.jar;C:\android\adt-bundle-windows-x86_64-20140702\sdk\add-ons\addon-google_apis-google-22\libs\usb.jar;C:\android\adt-bundle-windows-x86_64-20140702\sdk\add-ons\addon-google_apis-google-22\libs\maps.jar 
java_command: edu.rosehulman.thassculptures.Test
Launcher Type: SUN_STANDARD

Environment Variables:
PATH=C:/Program Files/Java/jdk1.7.0_25/bin/../jre/bin/server;C:/Program Files/Java/jdk1.7.0_25/bin/../jre/bin;C:/Program Files/Java/jdk1.7.0_25/bin/../jre/lib/amd64;C:\ProgramData\Oracle\Java\javapath;C:\windows\system32;C:\windows;C:\windows\System32\Wbem;C:\windows\System32\WindowsPowerShell\v1.0\;C:\Program Files\MATLAB\R2012a\runtime\win64;C:\Program Files\MATLAB\R2012a\bin;C:\Program Files (x86)\Microsoft SQL Server\100\Tools\Binn\;C:\Program Files (x86)\Microsoft SQL Server\100\DTS\Binn\;C:\MinGW\bin;C:\Program Files (x86)\Intel\OpenCL SDK\2.0\bin\x86;C:\Program Files (x86)\Intel\OpenCL SDK\2.0\bin\x64;C:\Program Files (x86)\Common Files\Ulead Systems\MPEG; C:\Program Files\Java\jre7\bin;C:\Program Files\Java\jdk1.7.0_13\bin;C:\Program Files\TortoiseSVN\bin;C:\Program Files\Microsoft SQL Server\110\Tools\Binn\;C:\Program Files (x86)\Microsoft SQL Server\110\Tools\Binn\ManagementStudio\;C:\Program Files (x86)\Microsoft SQL Server\110\Tools\Binn\;C:\Program Files (x86)\Microsoft SQL Server\110\DTS\Binn\;C:\Program Files\Microsoft SQL Server\110\DTS\Binn\;C:\Program Files\VanDyke Software\Clients\;C:\Program Files (x86)\MiKTeX 2.9\miktex\bin\;C:\Program Files (x86)\Python27;C:\Program Files (x86)\Windows Kits\8.1\Windows Performance Toolkit\;C:\Program Files (x86)\Microsoft SDKs\TypeScript\1.0\;C:\Program Files (x86)\Skype\Phone\;C:\Program Files\NuSMV\2.5.4\bin;C:\Users\songm\Desktop\CSSE373\Session-8-1-Yices\bin;C:\Program Files (x86)\Google\google_appengine\;C:\android\adt-bundle-windows-x86_64-20140702\eclipse;
USERNAME=songm
OS=Windows_NT
PROCESSOR_IDENTIFIER=Intel64 Family 6 Model 58 Stepping 9, GenuineIntel



---------------  S Y S T E M  ---------------

OS: Windows 7 , 64 bit Build 7601 Service Pack 1

CPU:total 8 (4 cores per cpu, 2 threads per core) family 6 model 58 stepping 9, cmov, cx8, fxsr, mmx, sse, sse2, sse3, ssse3, sse4.1, sse4.2, popcnt, avx, ht, tsc, tscinvbit, tscinv

Memory: 4k page, physical 7945004k(2755420k free), swap 15888156k(7138104k free)

vm_info: Java HotSpot(TM) 64-Bit Server VM (23.25-b01) for windows-amd64 JRE (1.7.0_25-b17), built on Jun 21 2013 12:58:32 by "java_re" with unknown MS VC++:1600

time: Tue May 12 18:10:40 2015
elapsed time: 0 seconds

